MAxAPP/MaestroAutoworks/app/build/intermediates/manifest_merge_blame_file/debug/manifest-merger-blame-debug-report.txt
1<?xml version="1.0" encoding="utf-8"?>
2<manifest xmlns:android="http://schemas.android.com/apk/res/android"
3    package="com.maestro.autoworks"
4    android:versionCode="1"
5    android:versionName="1.0" >
6
7    <uses-sdk
8        android:minSdkVersion="26"
9        android:targetSdkVersion="34" />
10
11    <uses-permission android:name="android.permission.INTERNET" />
11-->src\main\AndroidManifest.xml:4:5-66
11-->src\main\AndroidManifest.xml:4:22-64
12    <uses-permission android:name="android.permission.CAMERA" />
12-->src\main\AndroidManifest.xml:5:5-64
12-->src\main\AndroidManifest.xml:5:22-62
13    <!-- WRITE_EXTERNAL_STORAGE only needed on Android 9 and below -->
14    <uses-permission
14-->src\main\AndroidManifest.xml:7:5-8:37
15        android:name="android.permission.WRITE_EXTERNAL_STORAGE"
15-->src\main\AndroidManifest.xml:7:22-78
16        android:maxSdkVersion="28" />
16-->src\main\AndroidManifest.xml:8:9-35
17
18    <uses-feature
18-->src\main\AndroidManifest.xml:9:5-84
19        android:name="android.hardware.camera"
19-->src\main\AndroidManifest.xml:9:19-57
20        android:required="false" />
20-->src\main\AndroidManifest.xml:9:58-82
21
22    <permission
22-->[androidx.core:core:1.9.0] AndroidManifest.xml:22:5-24:47
23        android:name="com.maestro.autoworks.DYNAMIC_RECEIVER_NOT_EXPORTED_PERMISSION"
23-->[androidx.core:core:1.9.0] AndroidManifest.xml:23:9-81
24        android:protectionLevel="signature" />
24-->[androidx.core:core:1.9.0] AndroidManifest.xml:24:9-44
25
26    <uses-permission android:name="com.maestro.autoworks.DYNAMIC_RECEIVER_NOT_EXPORTED_PERMISSION" />
26-->[androidx.core:core:1.9.0] AndroidManifest.xml:26:5-97
26-->[androidx.core:core:1.9.0] AndroidManifest.xml:26:22-94
27
28    <application
28-->src\main\AndroidManifest.xml:11:5-81:19
29        android:allowBackup="true"
29-->src\main\AndroidManifest.xml:12:9-35
30        android:appComponentFactory="androidx.core.app.CoreComponentFactory"
30-->[androidx.core:core:1.9.0] AndroidManifest.xml:28:18-86
31        android:debuggable="true"
32        android:extractNativeLibs="false"
33        android:icon="@mipmap/ic_launcher"
33-->src\main\AndroidManifest.xml:13:9-43
34        android:label="@string/app_name"
34-->src\main\AndroidManifest.xml:14:9-41
35        android:roundIcon="@mipmap/ic_launcher_round"
35-->src\main\AndroidManifest.xml:15:9-54
36        android:supportsRtl="true"
36-->src\main\AndroidManifest.xml:16:9-35
37        android:testOnly="true"
38        android:theme="@style/Theme.MaestroAutoworks" >
38-->src\main\AndroidManifest.xml:17:9-54
39
40        <!-- 1. Splash / Landing -->
41        <activity
41-->src\main\AndroidManifest.xml:20:9-25:20
42            android:name="com.maestro.autoworks.activities.MainActivity"
42-->src\main\AndroidManifest.xml:20:19-58
43            android:exported="true" >
43-->src\main\AndroidManifest.xml:20:59-82
44            <intent-filter>
44-->src\main\AndroidManifest.xml:21:13-24:29
45                <action android:name="android.intent.action.MAIN" />
45-->src\main\AndroidManifest.xml:22:17-68
45-->src\main\AndroidManifest.xml:22:25-66
46
47                <category android:name="android.intent.category.LAUNCHER" />
47-->src\main\AndroidManifest.xml:23:17-76
47-->src\main\AndroidManifest.xml:23:27-74
48            </intent-filter>
49        </activity>
50
51        <!-- 2. Login -->
52        <activity
52-->src\main\AndroidManifest.xml:28:9-86
53            android:name="com.maestro.autoworks.activities.LoginActivity"
53-->src\main\AndroidManifest.xml:28:19-59
54            android:exported="false" />
54-->src\main\AndroidManifest.xml:28:60-84
55
56        <!-- 3. Register -->
57        <activity
57-->src\main\AndroidManifest.xml:31:9-89
58            android:name="com.maestro.autoworks.activities.RegisterActivity"
58-->src\main\AndroidManifest.xml:31:19-62
59            android:exported="false" />
59-->src\main\AndroidManifest.xml:31:63-87
60
61        <!-- 4. Customer Home -->
62        <activity
62-->src\main\AndroidManifest.xml:34:9-85
63            android:name="com.maestro.autoworks.activities.HomeActivity"
63-->src\main\AndroidManifest.xml:34:19-58
64            android:exported="false" />
64-->src\main\AndroidManifest.xml:34:59-83
65
66        <!-- 5. Services -->
67        <activity
67-->src\main\AndroidManifest.xml:37:9-89
68            android:name="com.maestro.autoworks.activities.ServicesActivity"
68-->src\main\AndroidManifest.xml:37:19-62
69            android:exported="false" />
69-->src\main\AndroidManifest.xml:37:63-87
70
71        <!-- 6. Book Appointment -->
72        <activity
72-->src\main\AndroidManifest.xml:40:9-85
73            android:name="com.maestro.autoworks.activities.BookActivity"
73-->src\main\AndroidManifest.xml:40:19-58
74            android:exported="false" />
74-->src\main\AndroidManifest.xml:40:59-83
75
76        <!-- 7. My Appointments -->
77        <activity
77-->src\main\AndroidManifest.xml:43:9-93
78            android:name="com.maestro.autoworks.activities.AppointmentsActivity"
78-->src\main\AndroidManifest.xml:43:19-66
79            android:exported="false" />
79-->src\main\AndroidManifest.xml:43:67-91
80
81        <!-- 8. About -->
82        <activity
82-->src\main\AndroidManifest.xml:46:9-86
83            android:name="com.maestro.autoworks.activities.AboutActivity"
83-->src\main\AndroidManifest.xml:46:19-59
84            android:exported="false" />
84-->src\main\AndroidManifest.xml:46:60-84
85
86        <!-- 9. WebView -->
87        <activity
87-->src\main\AndroidManifest.xml:49:9-88
88            android:name="com.maestro.autoworks.activities.WebViewActivity"
88-->src\main\AndroidManifest.xml:49:19-61
89            android:exported="false" />
89-->src\main\AndroidManifest.xml:49:62-86
90
91        <!-- 10. Search -->
92        <activity
92-->src\main\AndroidManifest.xml:52:9-87
93            android:name="com.maestro.autoworks.activities.SearchActivity"
93-->src\main\AndroidManifest.xml:52:19-60
94            android:exported="false" />
94-->src\main\AndroidManifest.xml:52:61-85
95
96        <!-- ADMIN SECTION -->
97        <!-- A1. Admin Dashboard -->
98        <activity
98-->src\main\AndroidManifest.xml:56:9-95
99            android:name="com.maestro.autoworks.activities.AdminDashboardActivity"
99-->src\main\AndroidManifest.xml:56:19-68
100            android:exported="false" />
100-->src\main\AndroidManifest.xml:56:69-93
101
102        <!-- A2. Admin Appointments -->
103        <activity
103-->src\main\AndroidManifest.xml:59:9-61:39
104            android:name="com.maestro.autoworks.activities.AdminReportsActivity"
104-->src\main\AndroidManifest.xml:59:19-66
105            android:exported="false"
105-->src\main\AndroidManifest.xml:61:13-37
106            android:label="Reports — Maestro Autoworks" />
106-->src\main\AndroidManifest.xml:60:13-56
107        <activity
107-->src\main\AndroidManifest.xml:62:9-64:39
108            android:name="com.maestro.autoworks.activities.AdminPmsActivity"
108-->src\main\AndroidManifest.xml:62:19-62
109            android:exported="false"
109-->src\main\AndroidManifest.xml:64:13-37
110            android:label="Repair Tracker — Maestro Autoworks" />
110-->src\main\AndroidManifest.xml:63:13-63
111        <activity
111-->src\main\AndroidManifest.xml:65:9-98
112            android:name="com.maestro.autoworks.activities.AdminAppointmentsActivity"
112-->src\main\AndroidManifest.xml:65:19-71
113            android:exported="false" />
113-->src\main\AndroidManifest.xml:65:72-96
114
115        <!-- A3. Admin Services -->
116        <activity
116-->src\main\AndroidManifest.xml:68:9-94
117            android:name="com.maestro.autoworks.activities.AdminServicesActivity"
117-->src\main\AndroidManifest.xml:68:19-67
118            android:exported="false" />
118-->src\main\AndroidManifest.xml:68:68-92
119
120        <!-- FileProvider for OR/CR camera capture on Android 9 and below -->
121        <provider
122            android:name="androidx.core.content.FileProvider"
122-->src\main\AndroidManifest.xml:72:13-62
123            android:authorities="com.maestro.autoworks.provider"
123-->src\main\AndroidManifest.xml:73:13-60
124            android:exported="false"
124-->src\main\AndroidManifest.xml:74:13-37
125            android:grantUriPermissions="true" >
125-->src\main\AndroidManifest.xml:75:13-47
126            <meta-data
126-->src\main\AndroidManifest.xml:76:13-78:62
127                android:name="android.support.FILE_PROVIDER_PATHS"
127-->src\main\AndroidManifest.xml:77:17-67
128                android:resource="@xml/file_provider_paths" />
128-->src\main\AndroidManifest.xml:78:17-60
129        </provider>
130        <provider
130-->[androidx.emoji2:emoji2:1.2.0] AndroidManifest.xml:24:9-32:20
131            android:name="androidx.startup.InitializationProvider"
131-->[androidx.emoji2:emoji2:1.2.0] AndroidManifest.xml:25:13-67
132            android:authorities="com.maestro.autoworks.androidx-startup"
132-->[androidx.emoji2:emoji2:1.2.0] AndroidManifest.xml:26:13-68
133            android:exported="false" >
133-->[androidx.emoji2:emoji2:1.2.0] AndroidManifest.xml:27:13-37
134            <meta-data
134-->[androidx.emoji2:emoji2:1.2.0] AndroidManifest.xml:29:13-31:52
135                android:name="androidx.emoji2.text.EmojiCompatInitializer"
135-->[androidx.emoji2:emoji2:1.2.0] AndroidManifest.xml:30:17-75
136                android:value="androidx.startup" />
136-->[androidx.emoji2:emoji2:1.2.0] AndroidManifest.xml:31:17-49
137            <meta-data
137-->[androidx.lifecycle:lifecycle-process:2.6.1] AndroidManifest.xml:29:13-31:52
138                android:name="androidx.lifecycle.ProcessLifecycleInitializer"
138-->[androidx.lifecycle:lifecycle-process:2.6.1] AndroidManifest.xml:30:17-78
139                android:value="androidx.startup" />
139-->[androidx.lifecycle:lifecycle-process:2.6.1] AndroidManifest.xml:31:17-49
140            <meta-data
140-->[androidx.profileinstaller:profileinstaller:1.3.0] AndroidManifest.xml:29:13-31:52
141                android:name="androidx.profileinstaller.ProfileInstallerInitializer"
141-->[androidx.profileinstaller:profileinstaller:1.3.0] AndroidManifest.xml:30:17-85
142                android:value="androidx.startup" />
142-->[androidx.profileinstaller:profileinstaller:1.3.0] AndroidManifest.xml:31:17-49
143        </provider>
144
145        <receiver
145-->[androidx.profileinstaller:profileinstaller:1.3.0] AndroidManifest.xml:34:9-52:20
146            android:name="androidx.profileinstaller.ProfileInstallReceiver"
146-->[androidx.profileinstaller:profileinstaller:1.3.0] AndroidManifest.xml:35:13-76
147            android:directBootAware="false"
147-->[androidx.profileinstaller:profileinstaller:1.3.0] AndroidManifest.xml:36:13-44
148            android:enabled="true"
148-->[androidx.profileinstaller:profileinstaller:1.3.0] AndroidManifest.xml:37:13-35
149            android:exported="true"
149-->[androidx.profileinstaller:profileinstaller:1.3.0] AndroidManifest.xml:38:13-36
150            android:permission="android.permission.DUMP" >
150-->[androidx.profileinstaller:profileinstaller:1.3.0] AndroidManifest.xml:39:13-57
151            <intent-filter>
151-->[androidx.profileinstaller:profileinstaller:1.3.0] AndroidManifest.xml:40:13-42:29
152                <action android:name="androidx.profileinstaller.action.INSTALL_PROFILE" />
152-->[androidx.profileinstaller:profileinstaller:1.3.0] AndroidManifest.xml:41:17-91
152-->[androidx.profileinstaller:profileinstaller:1.3.0] AndroidManifest.xml:41:25-88
153            </intent-filter>
154            <intent-filter>
154-->[androidx.profileinstaller:profileinstaller:1.3.0] AndroidManifest.xml:43:13-45:29
155                <action android:name="androidx.profileinstaller.action.SKIP_FILE" />
155-->[androidx.profileinstaller:profileinstaller:1.3.0] AndroidManifest.xml:44:17-85
155-->[androidx.profileinstaller:profileinstaller:1.3.0] AndroidManifest.xml:44:25-82
156            </intent-filter>
157            <intent-filter>
157-->[androidx.profileinstaller:profileinstaller:1.3.0] AndroidManifest.xml:46:13-48:29
158                <action android:name="androidx.profileinstaller.action.SAVE_PROFILE" />
158-->[androidx.profileinstaller:profileinstaller:1.3.0] AndroidManifest.xml:47:17-88
158-->[androidx.profileinstaller:profileinstaller:1.3.0] AndroidManifest.xml:47:25-85
159            </intent-filter>
160            <intent-filter>
160-->[androidx.profileinstaller:profileinstaller:1.3.0] AndroidManifest.xml:49:13-51:29
161                <action android:name="androidx.profileinstaller.action.BENCHMARK_OPERATION" />
161-->[androidx.profileinstaller:profileinstaller:1.3.0] AndroidManifest.xml:50:17-95
161-->[androidx.profileinstaller:profileinstaller:1.3.0] AndroidManifest.xml:50:25-92
162            </intent-filter>
163        </receiver>
164    </application>
165
166</manifest>